[debug] [2025-03-09T05:51:14.245Z] ----------------------------------------------------------------------
[debug] [2025-03-09T05:51:14.246Z] Command:       /usr/local/share/nvm/versions/node/v20.18.1/bin/node /home/codespace/nvm/current/bin/firebase login
[debug] [2025-03-09T05:51:14.247Z] CLI Version:   13.32.0
[debug] [2025-03-09T05:51:14.247Z] Platform:      linux
[debug] [2025-03-09T05:51:14.247Z] Node Version:  v20.18.1
[debug] [2025-03-09T05:51:14.247Z] Time:          Sun Mar 09 2025 05:51:14 GMT+0000 (Coordinated Universal Time)
[debug] [2025-03-09T05:51:14.247Z] Env Overrides: GITHUB_API_URL, GITHUB_API_URL
[debug] [2025-03-09T05:51:14.247Z] ----------------------------------------------------------------------
[debug] 
[debug] [2025-03-09T05:51:14.249Z] >>> [apiv2][query] GET https://firebase-public.firebaseio.com/cli.json [none]
[info] i  Firebase optionally collects CLI and Emulator Suite usage and error reporting information to help improve our products. Data is collected in accordance with Google's privacy policy (https://policies.google.com/privacy) and is not used to identify you.
 
[debug] [2025-03-09T05:51:14.885Z] <<< [apiv2][status] GET https://firebase-public.firebaseio.com/cli.json 200
[debug] [2025-03-09T05:51:14.886Z] <<< [apiv2][body] GET https://firebase-public.firebaseio.com/cli.json {"cloudBuildErrorAfter":1594252800000,"cloudBuildWarnAfter":1590019200000,"defaultNode10After":1594252800000,"minVersion":"3.0.5","node8DeploysDisabledAfter":1613390400000,"node8RuntimeDisabledAfter":1615809600000,"node8WarnAfter":1600128000000}
[info] i  To change your data collection preference at any time, run `firebase logout` and log in again. 
[debug] [2025-03-09T05:51:17.866Z] >>> [apiv2][query] POST https://auth.firebase.tools/attest [none]
[debug] [2025-03-09T05:51:17.866Z] >>> [apiv2][body] POST https://auth.firebase.tools/attest {"session_id":"2a1a3366-7899-4cdc-98a5-b2c734564fb1"}
[debug] [2025-03-09T05:51:18.448Z] <<< [apiv2][status] POST https://auth.firebase.tools/attest 200
[debug] [2025-03-09T05:51:18.448Z] <<< [apiv2][body] POST https://auth.firebase.tools/attest {"token":"X-ybPHR_divoLgT8hAAeuZfvZWV9rDIcopSsiYTmCwg"}
[info] 
[info] To sign in to the Firebase CLI:
[info] 
[info] 1. Take note of your session ID:
[info] 
[info]    2A1A3
[info] 
[info] 2. Visit the URL below on any device and follow the instructions to get your code:
[info] 
[info]    https://auth.firebase.tools/login?code_challenge=lbiRZUR763OvtRZ8U8TNgKzp-h1iP19KY09ZuZe98yk&session=2a1a3366-7899-4cdc-98a5-b2c734564fb1&attest=X-ybPHR_divoLgT8hAAeuZfvZWV9rDIcopSsiYTmCwg
[info] 
[info] 3. Paste or enter the authorization code below once you have it:
[info] 
